<?xml version="1.0" encoding="UTF-8"?>
<!-- Generated by org.testng.reporters.JUnitReportReporter -->
<testsuite skipped="0" hostname="Seachange-PC" name="IncidentNearMiss.IncidentReportTest" tests="1" failures="0" timestamp="25 Sep 2017 10:16:36 GMT" time="164.813" errors="0">
  <testcase name="IncidentReports" time="164.813" classname="IncidentNearMiss.IncidentReportTest"/>
</testsuite> <!-- IncidentNearMiss.IncidentReportTest -->
